[2020-02-26T09:35:01.676] [ERROR] error - 【Post-Error-post】Error: connect ECONNREFUSED 127.0.0.1:8080
[2020-02-26T15:30:25.508] [ERROR] error - TypeError: Cannot read property 'query' of undefined
    at router.get (C:\Work\WEB\dzpj_web\app\router\kpgl\kpsq.js:18:22)
    at dispatch (C:\Work\WEB\dzpj_web\node_modules\koa-compose\index.js:44:32)
    at next (C:\Work\WEB\dzpj_web\node_modules\koa-compose\index.js:45:18)
    at C:\Work\WEB\dzpj_web\node_modules\koa-router\lib\router.js:346:16
    at dispatch (C:\Work\WEB\dzpj_web\node_modules\koa-compose\index.js:44:32)
    at C:\Work\WEB\dzpj_web\node_modules\koa-compose\index.js:36:12
    at dispatch (C:\Work\WEB\dzpj_web\node_modules\koa-router\lib\router.js:351:31)
    at dispatch (C:\Work\WEB\dzpj_web\node_modules\koa\node_modules\koa-compose\index.js:42:32)
    at dispatch (C:\Work\WEB\dzpj_web\node_modules\koa-router\lib\router.js:332:32)
    at dispatch (C:\Work\WEB\dzpj_web\node_modules\koa\node_modules\koa-compose\index.js:42:32)
    at dispatch (C:\Work\WEB\dzpj_web\node_modules\koa-router\lib\router.js:332:32)
    at dispatch (C:\Work\WEB\dzpj_web\node_modules\koa\node_modules\koa-compose\index.js:42:32)
    at dispatch (C:\Work\WEB\dzpj_web\node_modules\koa-router\lib\router.js:332:32)
    at dispatch (C:\Work\WEB\dzpj_web\node_modules\koa\node_modules\koa-compose\index.js:42:32)
    at dispatch (C:\Work\WEB\dzpj_web\node_modules\koa-router\lib\router.js:332:32)
    at dispatch (C:\Work\WEB\dzpj_web\node_modules\koa\node_modules\koa-compose\index.js:42:32)
[2020-02-26T15:32:37.886] [ERROR] error - TypeError: Cannot read property 'query' of undefined
    at router.get (C:\Work\WEB\dzpj_web\app\router\kpgl\kpsq.js:18:22)
    at dispatch (C:\Work\WEB\dzpj_web\node_modules\koa-compose\index.js:44:32)
    at next (C:\Work\WEB\dzpj_web\node_modules\koa-compose\index.js:45:18)
    at C:\Work\WEB\dzpj_web\node_modules\koa-router\lib\router.js:346:16
    at dispatch (C:\Work\WEB\dzpj_web\node_modules\koa-compose\index.js:44:32)
    at C:\Work\WEB\dzpj_web\node_modules\koa-compose\index.js:36:12
    at dispatch (C:\Work\WEB\dzpj_web\node_modules\koa-router\lib\router.js:351:31)
    at dispatch (C:\Work\WEB\dzpj_web\node_modules\koa\node_modules\koa-compose\index.js:42:32)
    at dispatch (C:\Work\WEB\dzpj_web\node_modules\koa-router\lib\router.js:332:32)
    at dispatch (C:\Work\WEB\dzpj_web\node_modules\koa\node_modules\koa-compose\index.js:42:32)
    at dispatch (C:\Work\WEB\dzpj_web\node_modules\koa-router\lib\router.js:332:32)
    at dispatch (C:\Work\WEB\dzpj_web\node_modules\koa\node_modules\koa-compose\index.js:42:32)
    at dispatch (C:\Work\WEB\dzpj_web\node_modules\koa-router\lib\router.js:332:32)
    at dispatch (C:\Work\WEB\dzpj_web\node_modules\koa\node_modules\koa-compose\index.js:42:32)
    at dispatch (C:\Work\WEB\dzpj_web\node_modules\koa-router\lib\router.js:332:32)
    at dispatch (C:\Work\WEB\dzpj_web\node_modules\koa\node_modules\koa-compose\index.js:42:32)
[2020-02-26T15:34:34.898] [ERROR] error - TypeError: Cannot read property 'query' of undefined
    at router.get (C:\Work\WEB\dzpj_web\app\router\kpgl\kpsq.js:18:22)
    at dispatch (C:\Work\WEB\dzpj_web\node_modules\koa-compose\index.js:44:32)
    at next (C:\Work\WEB\dzpj_web\node_modules\koa-compose\index.js:45:18)
    at C:\Work\WEB\dzpj_web\node_modules\koa-router\lib\router.js:346:16
    at dispatch (C:\Work\WEB\dzpj_web\node_modules\koa-compose\index.js:44:32)
    at C:\Work\WEB\dzpj_web\node_modules\koa-compose\index.js:36:12
    at dispatch (C:\Work\WEB\dzpj_web\node_modules\koa-router\lib\router.js:351:31)
    at dispatch (C:\Work\WEB\dzpj_web\node_modules\koa\node_modules\koa-compose\index.js:42:32)
    at dispatch (C:\Work\WEB\dzpj_web\node_modules\koa-router\lib\router.js:332:32)
    at dispatch (C:\Work\WEB\dzpj_web\node_modules\koa\node_modules\koa-compose\index.js:42:32)
    at dispatch (C:\Work\WEB\dzpj_web\node_modules\koa-router\lib\router.js:332:32)
    at dispatch (C:\Work\WEB\dzpj_web\node_modules\koa\node_modules\koa-compose\index.js:42:32)
    at dispatch (C:\Work\WEB\dzpj_web\node_modules\koa-router\lib\router.js:332:32)
    at dispatch (C:\Work\WEB\dzpj_web\node_modules\koa\node_modules\koa-compose\index.js:42:32)
    at dispatch (C:\Work\WEB\dzpj_web\node_modules\koa-router\lib\router.js:332:32)
    at dispatch (C:\Work\WEB\dzpj_web\node_modules\koa\node_modules\koa-compose\index.js:42:32)
[2020-02-26T15:41:14.572] [ERROR] error - TypeError: Cannot read property 'query' of undefined
    at router.get (C:\Work\WEB\dzpj_web\app\router\kpgl\kpsq.js:18:22)
    at dispatch (C:\Work\WEB\dzpj_web\node_modules\koa-compose\index.js:44:32)
    at next (C:\Work\WEB\dzpj_web\node_modules\koa-compose\index.js:45:18)
    at C:\Work\WEB\dzpj_web\node_modules\koa-router\lib\router.js:346:16
    at dispatch (C:\Work\WEB\dzpj_web\node_modules\koa-compose\index.js:44:32)
    at C:\Work\WEB\dzpj_web\node_modules\koa-compose\index.js:36:12
    at dispatch (C:\Work\WEB\dzpj_web\node_modules\koa-router\lib\router.js:351:31)
    at dispatch (C:\Work\WEB\dzpj_web\node_modules\koa\node_modules\koa-compose\index.js:42:32)
    at dispatch (C:\Work\WEB\dzpj_web\node_modules\koa-router\lib\router.js:332:32)
    at dispatch (C:\Work\WEB\dzpj_web\node_modules\koa\node_modules\koa-compose\index.js:42:32)
    at dispatch (C:\Work\WEB\dzpj_web\node_modules\koa-router\lib\router.js:332:32)
    at dispatch (C:\Work\WEB\dzpj_web\node_modules\koa\node_modules\koa-compose\index.js:42:32)
    at dispatch (C:\Work\WEB\dzpj_web\node_modules\koa-router\lib\router.js:332:32)
    at dispatch (C:\Work\WEB\dzpj_web\node_modules\koa\node_modules\koa-compose\index.js:42:32)
    at dispatch (C:\Work\WEB\dzpj_web\node_modules\koa-router\lib\router.js:332:32)
    at dispatch (C:\Work\WEB\dzpj_web\node_modules\koa\node_modules\koa-compose\index.js:42:32)
[2020-02-26T15:41:35.988] [ERROR] error - TypeError: Cannot read property 'query' of undefined
    at router.get (C:\Work\WEB\dzpj_web\app\router\kpgl\kpsq.js:18:22)
    at dispatch (C:\Work\WEB\dzpj_web\node_modules\koa-compose\index.js:44:32)
    at next (C:\Work\WEB\dzpj_web\node_modules\koa-compose\index.js:45:18)
    at C:\Work\WEB\dzpj_web\node_modules\koa-router\lib\router.js:346:16
    at dispatch (C:\Work\WEB\dzpj_web\node_modules\koa-compose\index.js:44:32)
    at C:\Work\WEB\dzpj_web\node_modules\koa-compose\index.js:36:12
    at dispatch (C:\Work\WEB\dzpj_web\node_modules\koa-router\lib\router.js:351:31)
    at dispatch (C:\Work\WEB\dzpj_web\node_modules\koa\node_modules\koa-compose\index.js:42:32)
    at dispatch (C:\Work\WEB\dzpj_web\node_modules\koa-router\lib\router.js:332:32)
    at dispatch (C:\Work\WEB\dzpj_web\node_modules\koa\node_modules\koa-compose\index.js:42:32)
    at dispatch (C:\Work\WEB\dzpj_web\node_modules\koa-router\lib\router.js:332:32)
    at dispatch (C:\Work\WEB\dzpj_web\node_modules\koa\node_modules\koa-compose\index.js:42:32)
    at dispatch (C:\Work\WEB\dzpj_web\node_modules\koa-router\lib\router.js:332:32)
    at dispatch (C:\Work\WEB\dzpj_web\node_modules\koa\node_modules\koa-compose\index.js:42:32)
    at dispatch (C:\Work\WEB\dzpj_web\node_modules\koa-router\lib\router.js:332:32)
    at dispatch (C:\Work\WEB\dzpj_web\node_modules\koa\node_modules\koa-compose\index.js:42:32)
[2020-02-26T15:43:37.150] [ERROR] error - TypeError: Cannot read property 'query' of undefined
    at router.get (C:\Work\WEB\dzpj_web\app\router\kpgl\kpsq.js:18:22)
    at dispatch (C:\Work\WEB\dzpj_web\node_modules\koa-compose\index.js:44:32)
    at next (C:\Work\WEB\dzpj_web\node_modules\koa-compose\index.js:45:18)
    at C:\Work\WEB\dzpj_web\node_modules\koa-router\lib\router.js:346:16
    at dispatch (C:\Work\WEB\dzpj_web\node_modules\koa-compose\index.js:44:32)
    at C:\Work\WEB\dzpj_web\node_modules\koa-compose\index.js:36:12
    at dispatch (C:\Work\WEB\dzpj_web\node_modules\koa-router\lib\router.js:351:31)
    at dispatch (C:\Work\WEB\dzpj_web\node_modules\koa\node_modules\koa-compose\index.js:42:32)
    at dispatch (C:\Work\WEB\dzpj_web\node_modules\koa-router\lib\router.js:332:32)
    at dispatch (C:\Work\WEB\dzpj_web\node_modules\koa\node_modules\koa-compose\index.js:42:32)
    at dispatch (C:\Work\WEB\dzpj_web\node_modules\koa-router\lib\router.js:332:32)
    at dispatch (C:\Work\WEB\dzpj_web\node_modules\koa\node_modules\koa-compose\index.js:42:32)
    at dispatch (C:\Work\WEB\dzpj_web\node_modules\koa-router\lib\router.js:332:32)
    at dispatch (C:\Work\WEB\dzpj_web\node_modules\koa\node_modules\koa-compose\index.js:42:32)
    at dispatch (C:\Work\WEB\dzpj_web\node_modules\koa-router\lib\router.js:332:32)
    at dispatch (C:\Work\WEB\dzpj_web\node_modules\koa\node_modules\koa-compose\index.js:42:32)
[2020-02-26T15:43:58.667] [ERROR] error - TypeError: Cannot read property 'query' of undefined
    at router.get (C:\Work\WEB\dzpj_web\app\router\kpgl\kpsq.js:18:22)
    at dispatch (C:\Work\WEB\dzpj_web\node_modules\koa-compose\index.js:44:32)
    at next (C:\Work\WEB\dzpj_web\node_modules\koa-compose\index.js:45:18)
    at C:\Work\WEB\dzpj_web\node_modules\koa-router\lib\router.js:346:16
    at dispatch (C:\Work\WEB\dzpj_web\node_modules\koa-compose\index.js:44:32)
    at C:\Work\WEB\dzpj_web\node_modules\koa-compose\index.js:36:12
    at dispatch (C:\Work\WEB\dzpj_web\node_modules\koa-router\lib\router.js:351:31)
    at dispatch (C:\Work\WEB\dzpj_web\node_modules\koa\node_modules\koa-compose\index.js:42:32)
    at dispatch (C:\Work\WEB\dzpj_web\node_modules\koa-router\lib\router.js:332:32)
    at dispatch (C:\Work\WEB\dzpj_web\node_modules\koa\node_modules\koa-compose\index.js:42:32)
    at dispatch (C:\Work\WEB\dzpj_web\node_modules\koa-router\lib\router.js:332:32)
    at dispatch (C:\Work\WEB\dzpj_web\node_modules\koa\node_modules\koa-compose\index.js:42:32)
    at dispatch (C:\Work\WEB\dzpj_web\node_modules\koa-router\lib\router.js:332:32)
    at dispatch (C:\Work\WEB\dzpj_web\node_modules\koa\node_modules\koa-compose\index.js:42:32)
    at dispatch (C:\Work\WEB\dzpj_web\node_modules\koa-router\lib\router.js:332:32)
    at dispatch (C:\Work\WEB\dzpj_web\node_modules\koa\node_modules\koa-compose\index.js:42:32)
[2020-02-26T15:44:05.953] [ERROR] error - TypeError: Cannot read property 'query' of undefined
    at router.get (C:\Work\WEB\dzpj_web\app\router\kpgl\kpsq.js:18:22)
    at dispatch (C:\Work\WEB\dzpj_web\node_modules\koa-compose\index.js:44:32)
    at next (C:\Work\WEB\dzpj_web\node_modules\koa-compose\index.js:45:18)
    at C:\Work\WEB\dzpj_web\node_modules\koa-router\lib\router.js:346:16
    at dispatch (C:\Work\WEB\dzpj_web\node_modules\koa-compose\index.js:44:32)
    at C:\Work\WEB\dzpj_web\node_modules\koa-compose\index.js:36:12
    at dispatch (C:\Work\WEB\dzpj_web\node_modules\koa-router\lib\router.js:351:31)
    at dispatch (C:\Work\WEB\dzpj_web\node_modules\koa\node_modules\koa-compose\index.js:42:32)
    at dispatch (C:\Work\WEB\dzpj_web\node_modules\koa-router\lib\router.js:332:32)
    at dispatch (C:\Work\WEB\dzpj_web\node_modules\koa\node_modules\koa-compose\index.js:42:32)
    at dispatch (C:\Work\WEB\dzpj_web\node_modules\koa-router\lib\router.js:332:32)
    at dispatch (C:\Work\WEB\dzpj_web\node_modules\koa\node_modules\koa-compose\index.js:42:32)
    at dispatch (C:\Work\WEB\dzpj_web\node_modules\koa-router\lib\router.js:332:32)
    at dispatch (C:\Work\WEB\dzpj_web\node_modules\koa\node_modules\koa-compose\index.js:42:32)
    at dispatch (C:\Work\WEB\dzpj_web\node_modules\koa-router\lib\router.js:332:32)
    at dispatch (C:\Work\WEB\dzpj_web\node_modules\koa\node_modules\koa-compose\index.js:42:32)
[2020-02-26T15:44:52.008] [ERROR] error - TypeError: Cannot read property 'query' of undefined
    at router.get (C:\Work\WEB\dzpj_web\app\router\kpgl\kpsq.js:18:22)
    at dispatch (C:\Work\WEB\dzpj_web\node_modules\koa-compose\index.js:44:32)
    at next (C:\Work\WEB\dzpj_web\node_modules\koa-compose\index.js:45:18)
    at C:\Work\WEB\dzpj_web\node_modules\koa-router\lib\router.js:346:16
    at dispatch (C:\Work\WEB\dzpj_web\node_modules\koa-compose\index.js:44:32)
    at C:\Work\WEB\dzpj_web\node_modules\koa-compose\index.js:36:12
    at dispatch (C:\Work\WEB\dzpj_web\node_modules\koa-router\lib\router.js:351:31)
    at dispatch (C:\Work\WEB\dzpj_web\node_modules\koa\node_modules\koa-compose\index.js:42:32)
    at dispatch (C:\Work\WEB\dzpj_web\node_modules\koa-router\lib\router.js:332:32)
    at dispatch (C:\Work\WEB\dzpj_web\node_modules\koa\node_modules\koa-compose\index.js:42:32)
    at dispatch (C:\Work\WEB\dzpj_web\node_modules\koa-router\lib\router.js:332:32)
    at dispatch (C:\Work\WEB\dzpj_web\node_modules\koa\node_modules\koa-compose\index.js:42:32)
    at dispatch (C:\Work\WEB\dzpj_web\node_modules\koa-router\lib\router.js:332:32)
    at dispatch (C:\Work\WEB\dzpj_web\node_modules\koa\node_modules\koa-compose\index.js:42:32)
    at dispatch (C:\Work\WEB\dzpj_web\node_modules\koa-router\lib\router.js:332:32)
    at dispatch (C:\Work\WEB\dzpj_web\node_modules\koa\node_modules\koa-compose\index.js:42:32)
[2020-02-26T15:45:20.946] [ERROR] error - TypeError: Cannot read property 'query' of undefined
    at router.get (C:\Work\WEB\dzpj_web\app\router\kpgl\kpsq.js:18:22)
    at dispatch (C:\Work\WEB\dzpj_web\node_modules\koa-compose\index.js:44:32)
    at next (C:\Work\WEB\dzpj_web\node_modules\koa-compose\index.js:45:18)
    at C:\Work\WEB\dzpj_web\node_modules\koa-router\lib\router.js:346:16
    at dispatch (C:\Work\WEB\dzpj_web\node_modules\koa-compose\index.js:44:32)
    at C:\Work\WEB\dzpj_web\node_modules\koa-compose\index.js:36:12
    at dispatch (C:\Work\WEB\dzpj_web\node_modules\koa-router\lib\router.js:351:31)
    at dispatch (C:\Work\WEB\dzpj_web\node_modules\koa\node_modules\koa-compose\index.js:42:32)
    at dispatch (C:\Work\WEB\dzpj_web\node_modules\koa-router\lib\router.js:332:32)
    at dispatch (C:\Work\WEB\dzpj_web\node_modules\koa\node_modules\koa-compose\index.js:42:32)
    at dispatch (C:\Work\WEB\dzpj_web\node_modules\koa-router\lib\router.js:332:32)
    at dispatch (C:\Work\WEB\dzpj_web\node_modules\koa\node_modules\koa-compose\index.js:42:32)
    at dispatch (C:\Work\WEB\dzpj_web\node_modules\koa-router\lib\router.js:332:32)
    at dispatch (C:\Work\WEB\dzpj_web\node_modules\koa\node_modules\koa-compose\index.js:42:32)
    at dispatch (C:\Work\WEB\dzpj_web\node_modules\koa-router\lib\router.js:332:32)
    at dispatch (C:\Work\WEB\dzpj_web\node_modules\koa\node_modules\koa-compose\index.js:42:32)
[2020-02-26T15:45:31.562] [ERROR] error - TypeError: Cannot read property 'query' of undefined
    at router.get (C:\Work\WEB\dzpj_web\app\router\kpgl\kpsq.js:18:22)
    at dispatch (C:\Work\WEB\dzpj_web\node_modules\koa-compose\index.js:44:32)
    at next (C:\Work\WEB\dzpj_web\node_modules\koa-compose\index.js:45:18)
    at C:\Work\WEB\dzpj_web\node_modules\koa-router\lib\router.js:346:16
    at dispatch (C:\Work\WEB\dzpj_web\node_modules\koa-compose\index.js:44:32)
    at C:\Work\WEB\dzpj_web\node_modules\koa-compose\index.js:36:12
    at dispatch (C:\Work\WEB\dzpj_web\node_modules\koa-router\lib\router.js:351:31)
    at dispatch (C:\Work\WEB\dzpj_web\node_modules\koa\node_modules\koa-compose\index.js:42:32)
    at dispatch (C:\Work\WEB\dzpj_web\node_modules\koa-router\lib\router.js:332:32)
    at dispatch (C:\Work\WEB\dzpj_web\node_modules\koa\node_modules\koa-compose\index.js:42:32)
    at dispatch (C:\Work\WEB\dzpj_web\node_modules\koa-router\lib\router.js:332:32)
    at dispatch (C:\Work\WEB\dzpj_web\node_modules\koa\node_modules\koa-compose\index.js:42:32)
    at dispatch (C:\Work\WEB\dzpj_web\node_modules\koa-router\lib\router.js:332:32)
    at dispatch (C:\Work\WEB\dzpj_web\node_modules\koa\node_modules\koa-compose\index.js:42:32)
    at dispatch (C:\Work\WEB\dzpj_web\node_modules\koa-router\lib\router.js:332:32)
    at dispatch (C:\Work\WEB\dzpj_web\node_modules\koa\node_modules\koa-compose\index.js:42:32)
[2020-02-26T15:46:01.667] [ERROR] error - TypeError: Cannot read property 'query' of undefined
    at router.get (C:\Work\WEB\dzpj_web\app\router\kpgl\kpsq.js:18:22)
    at dispatch (C:\Work\WEB\dzpj_web\node_modules\koa-compose\index.js:44:32)
    at next (C:\Work\WEB\dzpj_web\node_modules\koa-compose\index.js:45:18)
    at C:\Work\WEB\dzpj_web\node_modules\koa-router\lib\router.js:346:16
    at dispatch (C:\Work\WEB\dzpj_web\node_modules\koa-compose\index.js:44:32)
    at C:\Work\WEB\dzpj_web\node_modules\koa-compose\index.js:36:12
    at dispatch (C:\Work\WEB\dzpj_web\node_modules\koa-router\lib\router.js:351:31)
    at dispatch (C:\Work\WEB\dzpj_web\node_modules\koa\node_modules\koa-compose\index.js:42:32)
    at dispatch (C:\Work\WEB\dzpj_web\node_modules\koa-router\lib\router.js:332:32)
    at dispatch (C:\Work\WEB\dzpj_web\node_modules\koa\node_modules\koa-compose\index.js:42:32)
    at dispatch (C:\Work\WEB\dzpj_web\node_modules\koa-router\lib\router.js:332:32)
    at dispatch (C:\Work\WEB\dzpj_web\node_modules\koa\node_modules\koa-compose\index.js:42:32)
    at dispatch (C:\Work\WEB\dzpj_web\node_modules\koa-router\lib\router.js:332:32)
    at dispatch (C:\Work\WEB\dzpj_web\node_modules\koa\node_modules\koa-compose\index.js:42:32)
    at dispatch (C:\Work\WEB\dzpj_web\node_modules\koa-router\lib\router.js:332:32)
    at dispatch (C:\Work\WEB\dzpj_web\node_modules\koa\node_modules\koa-compose\index.js:42:32)
[2020-02-26T15:47:02.197] [ERROR] error - TypeError: Cannot read property 'query' of undefined
    at router.get (C:\Work\WEB\dzpj_web\app\router\kpgl\kpsq.js:18:22)
    at dispatch (C:\Work\WEB\dzpj_web\node_modules\koa-compose\index.js:44:32)
    at next (C:\Work\WEB\dzpj_web\node_modules\koa-compose\index.js:45:18)
    at C:\Work\WEB\dzpj_web\node_modules\koa-router\lib\router.js:346:16
    at dispatch (C:\Work\WEB\dzpj_web\node_modules\koa-compose\index.js:44:32)
    at C:\Work\WEB\dzpj_web\node_modules\koa-compose\index.js:36:12
    at dispatch (C:\Work\WEB\dzpj_web\node_modules\koa-router\lib\router.js:351:31)
    at dispatch (C:\Work\WEB\dzpj_web\node_modules\koa\node_modules\koa-compose\index.js:42:32)
    at dispatch (C:\Work\WEB\dzpj_web\node_modules\koa-router\lib\router.js:332:32)
    at dispatch (C:\Work\WEB\dzpj_web\node_modules\koa\node_modules\koa-compose\index.js:42:32)
    at dispatch (C:\Work\WEB\dzpj_web\node_modules\koa-router\lib\router.js:332:32)
    at dispatch (C:\Work\WEB\dzpj_web\node_modules\koa\node_modules\koa-compose\index.js:42:32)
    at dispatch (C:\Work\WEB\dzpj_web\node_modules\koa-router\lib\router.js:332:32)
    at dispatch (C:\Work\WEB\dzpj_web\node_modules\koa\node_modules\koa-compose\index.js:42:32)
    at dispatch (C:\Work\WEB\dzpj_web\node_modules\koa-router\lib\router.js:332:32)
    at dispatch (C:\Work\WEB\dzpj_web\node_modules\koa\node_modules\koa-compose\index.js:42:32)
