[2019-12-16T16:15:42.276] [ERROR] error - TypeError: Cannot read property 'id' of undefined
    at router.post (D:\FPPT_KOA\FPPT_KOA\app\router\system\menu.js:48:20)
    at dispatch (D:\FPPT_KOA\FPPT_KOA\node_modules\koa-compose\index.js:44:32)
    at next (D:\FPPT_KOA\FPPT_KOA\node_modules\koa-compose\index.js:45:18)
    at D:\FPPT_KOA\FPPT_KOA\node_modules\koa-router\lib\router.js:346:16
    at dispatch (D:\FPPT_KOA\FPPT_KOA\node_modules\koa-compose\index.js:44:32)
    at D:\FPPT_KOA\FPPT_KOA\node_modules\koa-compose\index.js:36:12
    at dispatch (D:\FPPT_KOA\FPPT_KOA\node_modules\koa-router\lib\router.js:351:31)
    at dispatch (D:\FPPT_KOA\FPPT_KOA\node_modules\koa\node_modules\koa-compose\index.js:42:32)
    at dispatch (D:\FPPT_KOA\FPPT_KOA\node_modules\koa-router\lib\router.js:332:32)
    at dispatch (D:\FPPT_KOA\FPPT_KOA\node_modules\koa\node_modules\koa-compose\index.js:42:32)
    at dispatch (D:\FPPT_KOA\FPPT_KOA\node_modules\koa-router\lib\router.js:332:32)
    at dispatch (D:\FPPT_KOA\FPPT_KOA\node_modules\koa\node_modules\koa-compose\index.js:42:32)
    at dispatch (D:\FPPT_KOA\FPPT_KOA\node_modules\koa-router\lib\router.js:332:32)
    at dispatch (D:\FPPT_KOA\FPPT_KOA\node_modules\koa\node_modules\koa-compose\index.js:42:32)
    at session (D:\FPPT_KOA\FPPT_KOA\node_modules\koa-session\index.js:41:13)
    at dispatch (D:\FPPT_KOA\FPPT_KOA\node_modules\koa\node_modules\koa-compose\index.js:42:32)
[2019-12-16T16:15:46.088] [ERROR] error - TypeError: Cannot read property 'id' of undefined
    at router.post (D:\FPPT_KOA\FPPT_KOA\app\router\system\menu.js:48:20)
    at dispatch (D:\FPPT_KOA\FPPT_KOA\node_modules\koa-compose\index.js:44:32)
    at next (D:\FPPT_KOA\FPPT_KOA\node_modules\koa-compose\index.js:45:18)
    at D:\FPPT_KOA\FPPT_KOA\node_modules\koa-router\lib\router.js:346:16
    at dispatch (D:\FPPT_KOA\FPPT_KOA\node_modules\koa-compose\index.js:44:32)
    at D:\FPPT_KOA\FPPT_KOA\node_modules\koa-compose\index.js:36:12
    at dispatch (D:\FPPT_KOA\FPPT_KOA\node_modules\koa-router\lib\router.js:351:31)
    at dispatch (D:\FPPT_KOA\FPPT_KOA\node_modules\koa\node_modules\koa-compose\index.js:42:32)
    at dispatch (D:\FPPT_KOA\FPPT_KOA\node_modules\koa-router\lib\router.js:332:32)
    at dispatch (D:\FPPT_KOA\FPPT_KOA\node_modules\koa\node_modules\koa-compose\index.js:42:32)
    at dispatch (D:\FPPT_KOA\FPPT_KOA\node_modules\koa-router\lib\router.js:332:32)
    at dispatch (D:\FPPT_KOA\FPPT_KOA\node_modules\koa\node_modules\koa-compose\index.js:42:32)
    at dispatch (D:\FPPT_KOA\FPPT_KOA\node_modules\koa-router\lib\router.js:332:32)
    at dispatch (D:\FPPT_KOA\FPPT_KOA\node_modules\koa\node_modules\koa-compose\index.js:42:32)
    at session (D:\FPPT_KOA\FPPT_KOA\node_modules\koa-session\index.js:41:13)
    at dispatch (D:\FPPT_KOA\FPPT_KOA\node_modules\koa\node_modules\koa-compose\index.js:42:32)
[2019-12-16T16:15:47.662] [ERROR] error - TypeError: Cannot read property 'id' of undefined
    at router.post (D:\FPPT_KOA\FPPT_KOA\app\router\system\menu.js:48:20)
    at dispatch (D:\FPPT_KOA\FPPT_KOA\node_modules\koa-compose\index.js:44:32)
    at next (D:\FPPT_KOA\FPPT_KOA\node_modules\koa-compose\index.js:45:18)
    at D:\FPPT_KOA\FPPT_KOA\node_modules\koa-router\lib\router.js:346:16
    at dispatch (D:\FPPT_KOA\FPPT_KOA\node_modules\koa-compose\index.js:44:32)
    at D:\FPPT_KOA\FPPT_KOA\node_modules\koa-compose\index.js:36:12
    at dispatch (D:\FPPT_KOA\FPPT_KOA\node_modules\koa-router\lib\router.js:351:31)
    at dispatch (D:\FPPT_KOA\FPPT_KOA\node_modules\koa\node_modules\koa-compose\index.js:42:32)
    at dispatch (D:\FPPT_KOA\FPPT_KOA\node_modules\koa-router\lib\router.js:332:32)
    at dispatch (D:\FPPT_KOA\FPPT_KOA\node_modules\koa\node_modules\koa-compose\index.js:42:32)
    at dispatch (D:\FPPT_KOA\FPPT_KOA\node_modules\koa-router\lib\router.js:332:32)
    at dispatch (D:\FPPT_KOA\FPPT_KOA\node_modules\koa\node_modules\koa-compose\index.js:42:32)
    at dispatch (D:\FPPT_KOA\FPPT_KOA\node_modules\koa-router\lib\router.js:332:32)
    at dispatch (D:\FPPT_KOA\FPPT_KOA\node_modules\koa\node_modules\koa-compose\index.js:42:32)
    at session (D:\FPPT_KOA\FPPT_KOA\node_modules\koa-session\index.js:41:13)
    at dispatch (D:\FPPT_KOA\FPPT_KOA\node_modules\koa\node_modules\koa-compose\index.js:42:32)
[2019-12-16T16:15:48.348] [ERROR] error - TypeError: Cannot read property 'id' of undefined
    at router.post (D:\FPPT_KOA\FPPT_KOA\app\router\system\menu.js:48:20)
    at dispatch (D:\FPPT_KOA\FPPT_KOA\node_modules\koa-compose\index.js:44:32)
    at next (D:\FPPT_KOA\FPPT_KOA\node_modules\koa-compose\index.js:45:18)
    at D:\FPPT_KOA\FPPT_KOA\node_modules\koa-router\lib\router.js:346:16
    at dispatch (D:\FPPT_KOA\FPPT_KOA\node_modules\koa-compose\index.js:44:32)
    at D:\FPPT_KOA\FPPT_KOA\node_modules\koa-compose\index.js:36:12
    at dispatch (D:\FPPT_KOA\FPPT_KOA\node_modules\koa-router\lib\router.js:351:31)
    at dispatch (D:\FPPT_KOA\FPPT_KOA\node_modules\koa\node_modules\koa-compose\index.js:42:32)
    at dispatch (D:\FPPT_KOA\FPPT_KOA\node_modules\koa-router\lib\router.js:332:32)
    at dispatch (D:\FPPT_KOA\FPPT_KOA\node_modules\koa\node_modules\koa-compose\index.js:42:32)
    at dispatch (D:\FPPT_KOA\FPPT_KOA\node_modules\koa-router\lib\router.js:332:32)
    at dispatch (D:\FPPT_KOA\FPPT_KOA\node_modules\koa\node_modules\koa-compose\index.js:42:32)
    at dispatch (D:\FPPT_KOA\FPPT_KOA\node_modules\koa-router\lib\router.js:332:32)
    at dispatch (D:\FPPT_KOA\FPPT_KOA\node_modules\koa\node_modules\koa-compose\index.js:42:32)
    at session (D:\FPPT_KOA\FPPT_KOA\node_modules\koa-session\index.js:41:13)
    at dispatch (D:\FPPT_KOA\FPPT_KOA\node_modules\koa\node_modules\koa-compose\index.js:42:32)
[2019-12-16T16:16:04.607] [ERROR] error - TypeError: Cannot read property 'id' of undefined
    at router.post (D:\FPPT_KOA\FPPT_KOA\app\router\system\menu.js:48:20)
    at dispatch (D:\FPPT_KOA\FPPT_KOA\node_modules\koa-compose\index.js:44:32)
    at next (D:\FPPT_KOA\FPPT_KOA\node_modules\koa-compose\index.js:45:18)
    at D:\FPPT_KOA\FPPT_KOA\node_modules\koa-router\lib\router.js:346:16
    at dispatch (D:\FPPT_KOA\FPPT_KOA\node_modules\koa-compose\index.js:44:32)
    at D:\FPPT_KOA\FPPT_KOA\node_modules\koa-compose\index.js:36:12
    at dispatch (D:\FPPT_KOA\FPPT_KOA\node_modules\koa-router\lib\router.js:351:31)
    at dispatch (D:\FPPT_KOA\FPPT_KOA\node_modules\koa\node_modules\koa-compose\index.js:42:32)
    at dispatch (D:\FPPT_KOA\FPPT_KOA\node_modules\koa-router\lib\router.js:332:32)
    at dispatch (D:\FPPT_KOA\FPPT_KOA\node_modules\koa\node_modules\koa-compose\index.js:42:32)
    at dispatch (D:\FPPT_KOA\FPPT_KOA\node_modules\koa-router\lib\router.js:332:32)
    at dispatch (D:\FPPT_KOA\FPPT_KOA\node_modules\koa\node_modules\koa-compose\index.js:42:32)
    at dispatch (D:\FPPT_KOA\FPPT_KOA\node_modules\koa-router\lib\router.js:332:32)
    at dispatch (D:\FPPT_KOA\FPPT_KOA\node_modules\koa\node_modules\koa-compose\index.js:42:32)
    at session (D:\FPPT_KOA\FPPT_KOA\node_modules\koa-session\index.js:41:13)
    at dispatch (D:\FPPT_KOA\FPPT_KOA\node_modules\koa\node_modules\koa-compose\index.js:42:32)
[2019-12-16T16:16:05.848] [ERROR] error - TypeError: Cannot read property 'id' of undefined
    at router.post (D:\FPPT_KOA\FPPT_KOA\app\router\system\menu.js:48:20)
    at dispatch (D:\FPPT_KOA\FPPT_KOA\node_modules\koa-compose\index.js:44:32)
    at next (D:\FPPT_KOA\FPPT_KOA\node_modules\koa-compose\index.js:45:18)
    at D:\FPPT_KOA\FPPT_KOA\node_modules\koa-router\lib\router.js:346:16
    at dispatch (D:\FPPT_KOA\FPPT_KOA\node_modules\koa-compose\index.js:44:32)
    at D:\FPPT_KOA\FPPT_KOA\node_modules\koa-compose\index.js:36:12
    at dispatch (D:\FPPT_KOA\FPPT_KOA\node_modules\koa-router\lib\router.js:351:31)
    at dispatch (D:\FPPT_KOA\FPPT_KOA\node_modules\koa\node_modules\koa-compose\index.js:42:32)
    at dispatch (D:\FPPT_KOA\FPPT_KOA\node_modules\koa-router\lib\router.js:332:32)
    at dispatch (D:\FPPT_KOA\FPPT_KOA\node_modules\koa\node_modules\koa-compose\index.js:42:32)
    at dispatch (D:\FPPT_KOA\FPPT_KOA\node_modules\koa-router\lib\router.js:332:32)
    at dispatch (D:\FPPT_KOA\FPPT_KOA\node_modules\koa\node_modules\koa-compose\index.js:42:32)
    at dispatch (D:\FPPT_KOA\FPPT_KOA\node_modules\koa-router\lib\router.js:332:32)
    at dispatch (D:\FPPT_KOA\FPPT_KOA\node_modules\koa\node_modules\koa-compose\index.js:42:32)
    at session (D:\FPPT_KOA\FPPT_KOA\node_modules\koa-session\index.js:41:13)
    at dispatch (D:\FPPT_KOA\FPPT_KOA\node_modules\koa\node_modules\koa-compose\index.js:42:32)
[2019-12-16T16:16:06.460] [ERROR] error - TypeError: Cannot read property 'id' of undefined
    at router.post (D:\FPPT_KOA\FPPT_KOA\app\router\system\menu.js:48:20)
    at dispatch (D:\FPPT_KOA\FPPT_KOA\node_modules\koa-compose\index.js:44:32)
    at next (D:\FPPT_KOA\FPPT_KOA\node_modules\koa-compose\index.js:45:18)
    at D:\FPPT_KOA\FPPT_KOA\node_modules\koa-router\lib\router.js:346:16
    at dispatch (D:\FPPT_KOA\FPPT_KOA\node_modules\koa-compose\index.js:44:32)
    at D:\FPPT_KOA\FPPT_KOA\node_modules\koa-compose\index.js:36:12
    at dispatch (D:\FPPT_KOA\FPPT_KOA\node_modules\koa-router\lib\router.js:351:31)
    at dispatch (D:\FPPT_KOA\FPPT_KOA\node_modules\koa\node_modules\koa-compose\index.js:42:32)
    at dispatch (D:\FPPT_KOA\FPPT_KOA\node_modules\koa-router\lib\router.js:332:32)
    at dispatch (D:\FPPT_KOA\FPPT_KOA\node_modules\koa\node_modules\koa-compose\index.js:42:32)
    at dispatch (D:\FPPT_KOA\FPPT_KOA\node_modules\koa-router\lib\router.js:332:32)
    at dispatch (D:\FPPT_KOA\FPPT_KOA\node_modules\koa\node_modules\koa-compose\index.js:42:32)
    at dispatch (D:\FPPT_KOA\FPPT_KOA\node_modules\koa-router\lib\router.js:332:32)
    at dispatch (D:\FPPT_KOA\FPPT_KOA\node_modules\koa\node_modules\koa-compose\index.js:42:32)
    at session (D:\FPPT_KOA\FPPT_KOA\node_modules\koa-session\index.js:41:13)
    at dispatch (D:\FPPT_KOA\FPPT_KOA\node_modules\koa\node_modules\koa-compose\index.js:42:32)
[2019-12-16T16:16:43.520] [ERROR] error - TypeError: Cannot read property 'id' of undefined
    at router.post (D:\FPPT_KOA\FPPT_KOA\app\router\system\menu.js:48:20)
    at dispatch (D:\FPPT_KOA\FPPT_KOA\node_modules\koa-compose\index.js:44:32)
    at next (D:\FPPT_KOA\FPPT_KOA\node_modules\koa-compose\index.js:45:18)
    at D:\FPPT_KOA\FPPT_KOA\node_modules\koa-router\lib\router.js:346:16
    at dispatch (D:\FPPT_KOA\FPPT_KOA\node_modules\koa-compose\index.js:44:32)
    at D:\FPPT_KOA\FPPT_KOA\node_modules\koa-compose\index.js:36:12
    at dispatch (D:\FPPT_KOA\FPPT_KOA\node_modules\koa-router\lib\router.js:351:31)
    at dispatch (D:\FPPT_KOA\FPPT_KOA\node_modules\koa\node_modules\koa-compose\index.js:42:32)
    at dispatch (D:\FPPT_KOA\FPPT_KOA\node_modules\koa-router\lib\router.js:332:32)
    at dispatch (D:\FPPT_KOA\FPPT_KOA\node_modules\koa\node_modules\koa-compose\index.js:42:32)
    at dispatch (D:\FPPT_KOA\FPPT_KOA\node_modules\koa-router\lib\router.js:332:32)
    at dispatch (D:\FPPT_KOA\FPPT_KOA\node_modules\koa\node_modules\koa-compose\index.js:42:32)
    at dispatch (D:\FPPT_KOA\FPPT_KOA\node_modules\koa-router\lib\router.js:332:32)
    at dispatch (D:\FPPT_KOA\FPPT_KOA\node_modules\koa\node_modules\koa-compose\index.js:42:32)
    at session (D:\FPPT_KOA\FPPT_KOA\node_modules\koa-session\index.js:41:13)
    at dispatch (D:\FPPT_KOA\FPPT_KOA\node_modules\koa\node_modules\koa-compose\index.js:42:32)
[2019-12-16T16:17:41.803] [ERROR] error - TypeError: Cannot read property 'id' of undefined
    at router.post (D:\FPPT_KOA\FPPT_KOA\app\router\system\menu.js:48:20)
    at dispatch (D:\FPPT_KOA\FPPT_KOA\node_modules\koa-compose\index.js:44:32)
    at next (D:\FPPT_KOA\FPPT_KOA\node_modules\koa-compose\index.js:45:18)
    at D:\FPPT_KOA\FPPT_KOA\node_modules\koa-router\lib\router.js:346:16
    at dispatch (D:\FPPT_KOA\FPPT_KOA\node_modules\koa-compose\index.js:44:32)
    at D:\FPPT_KOA\FPPT_KOA\node_modules\koa-compose\index.js:36:12
    at dispatch (D:\FPPT_KOA\FPPT_KOA\node_modules\koa-router\lib\router.js:351:31)
    at dispatch (D:\FPPT_KOA\FPPT_KOA\node_modules\koa\node_modules\koa-compose\index.js:42:32)
    at dispatch (D:\FPPT_KOA\FPPT_KOA\node_modules\koa-router\lib\router.js:332:32)
    at dispatch (D:\FPPT_KOA\FPPT_KOA\node_modules\koa\node_modules\koa-compose\index.js:42:32)
    at dispatch (D:\FPPT_KOA\FPPT_KOA\node_modules\koa-router\lib\router.js:332:32)
    at dispatch (D:\FPPT_KOA\FPPT_KOA\node_modules\koa\node_modules\koa-compose\index.js:42:32)
    at dispatch (D:\FPPT_KOA\FPPT_KOA\node_modules\koa-router\lib\router.js:332:32)
    at dispatch (D:\FPPT_KOA\FPPT_KOA\node_modules\koa\node_modules\koa-compose\index.js:42:32)
    at session (D:\FPPT_KOA\FPPT_KOA\node_modules\koa-session\index.js:41:13)
    at dispatch (D:\FPPT_KOA\FPPT_KOA\node_modules\koa\node_modules\koa-compose\index.js:42:32)
[2019-12-16T16:19:00.501] [ERROR] error - TypeError: Cannot read property 'id' of undefined
    at router.post (D:\FPPT_KOA\FPPT_KOA\app\router\system\menu.js:49:20)
    at dispatch (D:\FPPT_KOA\FPPT_KOA\node_modules\koa-compose\index.js:44:32)
    at next (D:\FPPT_KOA\FPPT_KOA\node_modules\koa-compose\index.js:45:18)
    at D:\FPPT_KOA\FPPT_KOA\node_modules\koa-router\lib\router.js:346:16
    at dispatch (D:\FPPT_KOA\FPPT_KOA\node_modules\koa-compose\index.js:44:32)
    at D:\FPPT_KOA\FPPT_KOA\node_modules\koa-compose\index.js:36:12
    at dispatch (D:\FPPT_KOA\FPPT_KOA\node_modules\koa-router\lib\router.js:351:31)
    at dispatch (D:\FPPT_KOA\FPPT_KOA\node_modules\koa\node_modules\koa-compose\index.js:42:32)
    at dispatch (D:\FPPT_KOA\FPPT_KOA\node_modules\koa-router\lib\router.js:332:32)
    at dispatch (D:\FPPT_KOA\FPPT_KOA\node_modules\koa\node_modules\koa-compose\index.js:42:32)
    at dispatch (D:\FPPT_KOA\FPPT_KOA\node_modules\koa-router\lib\router.js:332:32)
    at dispatch (D:\FPPT_KOA\FPPT_KOA\node_modules\koa\node_modules\koa-compose\index.js:42:32)
    at dispatch (D:\FPPT_KOA\FPPT_KOA\node_modules\koa-router\lib\router.js:332:32)
    at dispatch (D:\FPPT_KOA\FPPT_KOA\node_modules\koa\node_modules\koa-compose\index.js:42:32)
    at session (D:\FPPT_KOA\FPPT_KOA\node_modules\koa-session\index.js:41:13)
    at dispatch (D:\FPPT_KOA\FPPT_KOA\node_modules\koa\node_modules\koa-compose\index.js:42:32)
[2019-12-16T16:19:29.005] [ERROR] error - TypeError: Cannot read property 'body' of undefined
    at router.post (D:\FPPT_KOA\FPPT_KOA\app\router\system\menu.js:49:23)
    at dispatch (D:\FPPT_KOA\FPPT_KOA\node_modules\koa-compose\index.js:44:32)
    at next (D:\FPPT_KOA\FPPT_KOA\node_modules\koa-compose\index.js:45:18)
    at D:\FPPT_KOA\FPPT_KOA\node_modules\koa-router\lib\router.js:346:16
    at dispatch (D:\FPPT_KOA\FPPT_KOA\node_modules\koa-compose\index.js:44:32)
    at D:\FPPT_KOA\FPPT_KOA\node_modules\koa-compose\index.js:36:12
    at dispatch (D:\FPPT_KOA\FPPT_KOA\node_modules\koa-router\lib\router.js:351:31)
    at dispatch (D:\FPPT_KOA\FPPT_KOA\node_modules\koa\node_modules\koa-compose\index.js:42:32)
    at dispatch (D:\FPPT_KOA\FPPT_KOA\node_modules\koa-router\lib\router.js:332:32)
    at dispatch (D:\FPPT_KOA\FPPT_KOA\node_modules\koa\node_modules\koa-compose\index.js:42:32)
    at dispatch (D:\FPPT_KOA\FPPT_KOA\node_modules\koa-router\lib\router.js:332:32)
    at dispatch (D:\FPPT_KOA\FPPT_KOA\node_modules\koa\node_modules\koa-compose\index.js:42:32)
    at dispatch (D:\FPPT_KOA\FPPT_KOA\node_modules\koa-router\lib\router.js:332:32)
    at dispatch (D:\FPPT_KOA\FPPT_KOA\node_modules\koa\node_modules\koa-compose\index.js:42:32)
    at session (D:\FPPT_KOA\FPPT_KOA\node_modules\koa-session\index.js:41:13)
    at dispatch (D:\FPPT_KOA\FPPT_KOA\node_modules\koa\node_modules\koa-compose\index.js:42:32)
[2019-12-16T16:19:33.820] [ERROR] error - TypeError: Cannot read property 'body' of undefined
    at router.post (D:\FPPT_KOA\FPPT_KOA\app\router\system\menu.js:49:23)
    at dispatch (D:\FPPT_KOA\FPPT_KOA\node_modules\koa-compose\index.js:44:32)
    at next (D:\FPPT_KOA\FPPT_KOA\node_modules\koa-compose\index.js:45:18)
    at D:\FPPT_KOA\FPPT_KOA\node_modules\koa-router\lib\router.js:346:16
    at dispatch (D:\FPPT_KOA\FPPT_KOA\node_modules\koa-compose\index.js:44:32)
    at D:\FPPT_KOA\FPPT_KOA\node_modules\koa-compose\index.js:36:12
    at dispatch (D:\FPPT_KOA\FPPT_KOA\node_modules\koa-router\lib\router.js:351:31)
    at dispatch (D:\FPPT_KOA\FPPT_KOA\node_modules\koa\node_modules\koa-compose\index.js:42:32)
    at dispatch (D:\FPPT_KOA\FPPT_KOA\node_modules\koa-router\lib\router.js:332:32)
    at dispatch (D:\FPPT_KOA\FPPT_KOA\node_modules\koa\node_modules\koa-compose\index.js:42:32)
    at dispatch (D:\FPPT_KOA\FPPT_KOA\node_modules\koa-router\lib\router.js:332:32)
    at dispatch (D:\FPPT_KOA\FPPT_KOA\node_modules\koa\node_modules\koa-compose\index.js:42:32)
    at dispatch (D:\FPPT_KOA\FPPT_KOA\node_modules\koa-router\lib\router.js:332:32)
    at dispatch (D:\FPPT_KOA\FPPT_KOA\node_modules\koa\node_modules\koa-compose\index.js:42:32)
    at session (D:\FPPT_KOA\FPPT_KOA\node_modules\koa-session\index.js:41:13)
    at dispatch (D:\FPPT_KOA\FPPT_KOA\node_modules\koa\node_modules\koa-compose\index.js:42:32)
[2019-12-16T16:28:48.795] [ERROR] error - TypeError: result.then is not a function
    at router.post (D:\FPPT_KOA\FPPT_KOA\app\router\system\menu.js:54:14)
    at dispatch (D:\FPPT_KOA\FPPT_KOA\node_modules\koa-compose\index.js:44:32)
    at next (D:\FPPT_KOA\FPPT_KOA\node_modules\koa-compose\index.js:45:18)
    at D:\FPPT_KOA\FPPT_KOA\node_modules\koa-router\lib\router.js:346:16
    at dispatch (D:\FPPT_KOA\FPPT_KOA\node_modules\koa-compose\index.js:44:32)
    at D:\FPPT_KOA\FPPT_KOA\node_modules\koa-compose\index.js:36:12
    at dispatch (D:\FPPT_KOA\FPPT_KOA\node_modules\koa-router\lib\router.js:351:31)
    at dispatch (D:\FPPT_KOA\FPPT_KOA\node_modules\koa\node_modules\koa-compose\index.js:42:32)
    at dispatch (D:\FPPT_KOA\FPPT_KOA\node_modules\koa-router\lib\router.js:332:32)
    at dispatch (D:\FPPT_KOA\FPPT_KOA\node_modules\koa\node_modules\koa-compose\index.js:42:32)
    at dispatch (D:\FPPT_KOA\FPPT_KOA\node_modules\koa-router\lib\router.js:332:32)
    at dispatch (D:\FPPT_KOA\FPPT_KOA\node_modules\koa\node_modules\koa-compose\index.js:42:32)
    at dispatch (D:\FPPT_KOA\FPPT_KOA\node_modules\koa-router\lib\router.js:332:32)
    at dispatch (D:\FPPT_KOA\FPPT_KOA\node_modules\koa\node_modules\koa-compose\index.js:42:32)
    at session (D:\FPPT_KOA\FPPT_KOA\node_modules\koa-session\index.js:41:13)
    at dispatch (D:\FPPT_KOA\FPPT_KOA\node_modules\koa\node_modules\koa-compose\index.js:42:32)
[2019-12-16T16:29:26.829] [ERROR] error - TypeError: result.then is not a function
    at router.post (D:\FPPT_KOA\FPPT_KOA\app\router\system\menu.js:54:14)
    at dispatch (D:\FPPT_KOA\FPPT_KOA\node_modules\koa-compose\index.js:44:32)
    at next (D:\FPPT_KOA\FPPT_KOA\node_modules\koa-compose\index.js:45:18)
    at D:\FPPT_KOA\FPPT_KOA\node_modules\koa-router\lib\router.js:346:16
    at dispatch (D:\FPPT_KOA\FPPT_KOA\node_modules\koa-compose\index.js:44:32)
    at D:\FPPT_KOA\FPPT_KOA\node_modules\koa-compose\index.js:36:12
    at dispatch (D:\FPPT_KOA\FPPT_KOA\node_modules\koa-router\lib\router.js:351:31)
    at dispatch (D:\FPPT_KOA\FPPT_KOA\node_modules\koa\node_modules\koa-compose\index.js:42:32)
    at dispatch (D:\FPPT_KOA\FPPT_KOA\node_modules\koa-router\lib\router.js:332:32)
    at dispatch (D:\FPPT_KOA\FPPT_KOA\node_modules\koa\node_modules\koa-compose\index.js:42:32)
    at dispatch (D:\FPPT_KOA\FPPT_KOA\node_modules\koa-router\lib\router.js:332:32)
    at dispatch (D:\FPPT_KOA\FPPT_KOA\node_modules\koa\node_modules\koa-compose\index.js:42:32)
    at dispatch (D:\FPPT_KOA\FPPT_KOA\node_modules\koa-router\lib\router.js:332:32)
    at dispatch (D:\FPPT_KOA\FPPT_KOA\node_modules\koa\node_modules\koa-compose\index.js:42:32)
    at session (D:\FPPT_KOA\FPPT_KOA\node_modules\koa-session\index.js:41:13)
    at dispatch (D:\FPPT_KOA\FPPT_KOA\node_modules\koa\node_modules\koa-compose\index.js:42:32)
[2019-12-16T16:29:49.870] [ERROR] error - TypeError: result.then is not a function
    at router.post (D:\FPPT_KOA\FPPT_KOA\app\router\system\menu.js:54:14)
    at dispatch (D:\FPPT_KOA\FPPT_KOA\node_modules\koa-compose\index.js:44:32)
    at next (D:\FPPT_KOA\FPPT_KOA\node_modules\koa-compose\index.js:45:18)
    at D:\FPPT_KOA\FPPT_KOA\node_modules\koa-router\lib\router.js:346:16
    at dispatch (D:\FPPT_KOA\FPPT_KOA\node_modules\koa-compose\index.js:44:32)
    at D:\FPPT_KOA\FPPT_KOA\node_modules\koa-compose\index.js:36:12
    at dispatch (D:\FPPT_KOA\FPPT_KOA\node_modules\koa-router\lib\router.js:351:31)
    at dispatch (D:\FPPT_KOA\FPPT_KOA\node_modules\koa\node_modules\koa-compose\index.js:42:32)
    at dispatch (D:\FPPT_KOA\FPPT_KOA\node_modules\koa-router\lib\router.js:332:32)
    at dispatch (D:\FPPT_KOA\FPPT_KOA\node_modules\koa\node_modules\koa-compose\index.js:42:32)
    at dispatch (D:\FPPT_KOA\FPPT_KOA\node_modules\koa-router\lib\router.js:332:32)
    at dispatch (D:\FPPT_KOA\FPPT_KOA\node_modules\koa\node_modules\koa-compose\index.js:42:32)
    at dispatch (D:\FPPT_KOA\FPPT_KOA\node_modules\koa-router\lib\router.js:332:32)
    at dispatch (D:\FPPT_KOA\FPPT_KOA\node_modules\koa\node_modules\koa-compose\index.js:42:32)
    at session (D:\FPPT_KOA\FPPT_KOA\node_modules\koa-session\index.js:41:13)
    at dispatch (D:\FPPT_KOA\FPPT_KOA\node_modules\koa\node_modules\koa-compose\index.js:42:32)
[2019-12-16T16:30:11.941] [ERROR] error - TypeError: result.then is not a function
    at router.post (D:\FPPT_KOA\FPPT_KOA\app\router\system\menu.js:55:14)
    at dispatch (D:\FPPT_KOA\FPPT_KOA\node_modules\koa-compose\index.js:44:32)
    at next (D:\FPPT_KOA\FPPT_KOA\node_modules\koa-compose\index.js:45:18)
    at D:\FPPT_KOA\FPPT_KOA\node_modules\koa-router\lib\router.js:346:16
    at dispatch (D:\FPPT_KOA\FPPT_KOA\node_modules\koa-compose\index.js:44:32)
    at D:\FPPT_KOA\FPPT_KOA\node_modules\koa-compose\index.js:36:12
    at dispatch (D:\FPPT_KOA\FPPT_KOA\node_modules\koa-router\lib\router.js:351:31)
    at dispatch (D:\FPPT_KOA\FPPT_KOA\node_modules\koa\node_modules\koa-compose\index.js:42:32)
    at dispatch (D:\FPPT_KOA\FPPT_KOA\node_modules\koa-router\lib\router.js:332:32)
    at dispatch (D:\FPPT_KOA\FPPT_KOA\node_modules\koa\node_modules\koa-compose\index.js:42:32)
    at dispatch (D:\FPPT_KOA\FPPT_KOA\node_modules\koa-router\lib\router.js:332:32)
    at dispatch (D:\FPPT_KOA\FPPT_KOA\node_modules\koa\node_modules\koa-compose\index.js:42:32)
    at dispatch (D:\FPPT_KOA\FPPT_KOA\node_modules\koa-router\lib\router.js:332:32)
    at dispatch (D:\FPPT_KOA\FPPT_KOA\node_modules\koa\node_modules\koa-compose\index.js:42:32)
    at session (D:\FPPT_KOA\FPPT_KOA\node_modules\koa-session\index.js:41:13)
    at dispatch (D:\FPPT_KOA\FPPT_KOA\node_modules\koa\node_modules\koa-compose\index.js:42:32)
[2019-12-16T16:30:49.891] [ERROR] error - TypeError: result.then is not a function
    at router.post (D:\FPPT_KOA\FPPT_KOA\app\router\system\menu.js:55:14)
    at dispatch (D:\FPPT_KOA\FPPT_KOA\node_modules\koa-compose\index.js:44:32)
    at next (D:\FPPT_KOA\FPPT_KOA\node_modules\koa-compose\index.js:45:18)
    at D:\FPPT_KOA\FPPT_KOA\node_modules\koa-router\lib\router.js:346:16
    at dispatch (D:\FPPT_KOA\FPPT_KOA\node_modules\koa-compose\index.js:44:32)
    at D:\FPPT_KOA\FPPT_KOA\node_modules\koa-compose\index.js:36:12
    at dispatch (D:\FPPT_KOA\FPPT_KOA\node_modules\koa-router\lib\router.js:351:31)
    at dispatch (D:\FPPT_KOA\FPPT_KOA\node_modules\koa\node_modules\koa-compose\index.js:42:32)
    at dispatch (D:\FPPT_KOA\FPPT_KOA\node_modules\koa-router\lib\router.js:332:32)
    at dispatch (D:\FPPT_KOA\FPPT_KOA\node_modules\koa\node_modules\koa-compose\index.js:42:32)
    at dispatch (D:\FPPT_KOA\FPPT_KOA\node_modules\koa-router\lib\router.js:332:32)
    at dispatch (D:\FPPT_KOA\FPPT_KOA\node_modules\koa\node_modules\koa-compose\index.js:42:32)
    at dispatch (D:\FPPT_KOA\FPPT_KOA\node_modules\koa-router\lib\router.js:332:32)
    at dispatch (D:\FPPT_KOA\FPPT_KOA\node_modules\koa\node_modules\koa-compose\index.js:42:32)
    at session (D:\FPPT_KOA\FPPT_KOA\node_modules\koa-session\index.js:41:13)
    at dispatch (D:\FPPT_KOA\FPPT_KOA\node_modules\koa\node_modules\koa-compose\index.js:42:32)
[2019-12-16T16:31:16.369] [ERROR] error - TypeError: result.then is not a function
    at router.post (D:\FPPT_KOA\FPPT_KOA\app\router\system\menu.js:55:14)
    at dispatch (D:\FPPT_KOA\FPPT_KOA\node_modules\koa-compose\index.js:44:32)
    at next (D:\FPPT_KOA\FPPT_KOA\node_modules\koa-compose\index.js:45:18)
    at D:\FPPT_KOA\FPPT_KOA\node_modules\koa-router\lib\router.js:346:16
    at dispatch (D:\FPPT_KOA\FPPT_KOA\node_modules\koa-compose\index.js:44:32)
    at D:\FPPT_KOA\FPPT_KOA\node_modules\koa-compose\index.js:36:12
    at dispatch (D:\FPPT_KOA\FPPT_KOA\node_modules\koa-router\lib\router.js:351:31)
    at dispatch (D:\FPPT_KOA\FPPT_KOA\node_modules\koa\node_modules\koa-compose\index.js:42:32)
    at dispatch (D:\FPPT_KOA\FPPT_KOA\node_modules\koa-router\lib\router.js:332:32)
    at dispatch (D:\FPPT_KOA\FPPT_KOA\node_modules\koa\node_modules\koa-compose\index.js:42:32)
    at dispatch (D:\FPPT_KOA\FPPT_KOA\node_modules\koa-router\lib\router.js:332:32)
    at dispatch (D:\FPPT_KOA\FPPT_KOA\node_modules\koa\node_modules\koa-compose\index.js:42:32)
    at dispatch (D:\FPPT_KOA\FPPT_KOA\node_modules\koa-router\lib\router.js:332:32)
    at dispatch (D:\FPPT_KOA\FPPT_KOA\node_modules\koa\node_modules\koa-compose\index.js:42:32)
    at session (D:\FPPT_KOA\FPPT_KOA\node_modules\koa-session\index.js:41:13)
    at dispatch (D:\FPPT_KOA\FPPT_KOA\node_modules\koa\node_modules\koa-compose\index.js:42:32)
[2019-12-16T16:31:55.297] [ERROR] error - TypeError: result.then is not a function
    at router.post (D:\FPPT_KOA\FPPT_KOA\app\router\system\menu.js:55:14)
    at dispatch (D:\FPPT_KOA\FPPT_KOA\node_modules\koa-compose\index.js:44:32)
    at next (D:\FPPT_KOA\FPPT_KOA\node_modules\koa-compose\index.js:45:18)
    at D:\FPPT_KOA\FPPT_KOA\node_modules\koa-router\lib\router.js:346:16
    at dispatch (D:\FPPT_KOA\FPPT_KOA\node_modules\koa-compose\index.js:44:32)
    at D:\FPPT_KOA\FPPT_KOA\node_modules\koa-compose\index.js:36:12
    at dispatch (D:\FPPT_KOA\FPPT_KOA\node_modules\koa-router\lib\router.js:351:31)
    at dispatch (D:\FPPT_KOA\FPPT_KOA\node_modules\koa\node_modules\koa-compose\index.js:42:32)
    at dispatch (D:\FPPT_KOA\FPPT_KOA\node_modules\koa-router\lib\router.js:332:32)
    at dispatch (D:\FPPT_KOA\FPPT_KOA\node_modules\koa\node_modules\koa-compose\index.js:42:32)
    at dispatch (D:\FPPT_KOA\FPPT_KOA\node_modules\koa-router\lib\router.js:332:32)
    at dispatch (D:\FPPT_KOA\FPPT_KOA\node_modules\koa\node_modules\koa-compose\index.js:42:32)
    at dispatch (D:\FPPT_KOA\FPPT_KOA\node_modules\koa-router\lib\router.js:332:32)
    at dispatch (D:\FPPT_KOA\FPPT_KOA\node_modules\koa\node_modules\koa-compose\index.js:42:32)
    at session (D:\FPPT_KOA\FPPT_KOA\node_modules\koa-session\index.js:41:13)
    at dispatch (D:\FPPT_KOA\FPPT_KOA\node_modules\koa\node_modules\koa-compose\index.js:42:32)
[2019-12-16T16:32:32.550] [ERROR] error - TypeError: result.then is not a function
    at router.post (D:\FPPT_KOA\FPPT_KOA\app\router\system\menu.js:55:14)
    at dispatch (D:\FPPT_KOA\FPPT_KOA\node_modules\koa-compose\index.js:44:32)
    at next (D:\FPPT_KOA\FPPT_KOA\node_modules\koa-compose\index.js:45:18)
    at D:\FPPT_KOA\FPPT_KOA\node_modules\koa-router\lib\router.js:346:16
    at dispatch (D:\FPPT_KOA\FPPT_KOA\node_modules\koa-compose\index.js:44:32)
    at D:\FPPT_KOA\FPPT_KOA\node_modules\koa-compose\index.js:36:12
    at dispatch (D:\FPPT_KOA\FPPT_KOA\node_modules\koa-router\lib\router.js:351:31)
    at dispatch (D:\FPPT_KOA\FPPT_KOA\node_modules\koa\node_modules\koa-compose\index.js:42:32)
    at dispatch (D:\FPPT_KOA\FPPT_KOA\node_modules\koa-router\lib\router.js:332:32)
    at dispatch (D:\FPPT_KOA\FPPT_KOA\node_modules\koa\node_modules\koa-compose\index.js:42:32)
    at dispatch (D:\FPPT_KOA\FPPT_KOA\node_modules\koa-router\lib\router.js:332:32)
    at dispatch (D:\FPPT_KOA\FPPT_KOA\node_modules\koa\node_modules\koa-compose\index.js:42:32)
    at dispatch (D:\FPPT_KOA\FPPT_KOA\node_modules\koa-router\lib\router.js:332:32)
    at dispatch (D:\FPPT_KOA\FPPT_KOA\node_modules\koa\node_modules\koa-compose\index.js:42:32)
    at session (D:\FPPT_KOA\FPPT_KOA\node_modules\koa-session\index.js:41:13)
    at dispatch (D:\FPPT_KOA\FPPT_KOA\node_modules\koa\node_modules\koa-compose\index.js:42:32)
[2019-12-16T16:33:47.183] [ERROR] error - TypeError: resultsss.then is not a function
    at router.post (D:\FPPT_KOA\FPPT_KOA\app\router\system\menu.js:57:17)
    at dispatch (D:\FPPT_KOA\FPPT_KOA\node_modules\koa-compose\index.js:44:32)
    at next (D:\FPPT_KOA\FPPT_KOA\node_modules\koa-compose\index.js:45:18)
    at D:\FPPT_KOA\FPPT_KOA\node_modules\koa-router\lib\router.js:346:16
    at dispatch (D:\FPPT_KOA\FPPT_KOA\node_modules\koa-compose\index.js:44:32)
    at D:\FPPT_KOA\FPPT_KOA\node_modules\koa-compose\index.js:36:12
    at dispatch (D:\FPPT_KOA\FPPT_KOA\node_modules\koa-router\lib\router.js:351:31)
    at dispatch (D:\FPPT_KOA\FPPT_KOA\node_modules\koa\node_modules\koa-compose\index.js:42:32)
    at dispatch (D:\FPPT_KOA\FPPT_KOA\node_modules\koa-router\lib\router.js:332:32)
    at dispatch (D:\FPPT_KOA\FPPT_KOA\node_modules\koa\node_modules\koa-compose\index.js:42:32)
    at dispatch (D:\FPPT_KOA\FPPT_KOA\node_modules\koa-router\lib\router.js:332:32)
    at dispatch (D:\FPPT_KOA\FPPT_KOA\node_modules\koa\node_modules\koa-compose\index.js:42:32)
    at dispatch (D:\FPPT_KOA\FPPT_KOA\node_modules\koa-router\lib\router.js:332:32)
    at dispatch (D:\FPPT_KOA\FPPT_KOA\node_modules\koa\node_modules\koa-compose\index.js:42:32)
    at session (D:\FPPT_KOA\FPPT_KOA\node_modules\koa-session\index.js:41:13)
    at dispatch (D:\FPPT_KOA\FPPT_KOA\node_modules\koa\node_modules\koa-compose\index.js:42:32)
