[2020-02-19T10:32:41.417] [ERROR] error - ReferenceError: Con is not defined
    at router.get (C:\Work\WEB\dzpj_web\app\router\kpgl\skzp.js:19:16)
    at dispatch (C:\Work\WEB\dzpj_web\node_modules\koa-compose\index.js:44:32)
    at next (C:\Work\WEB\dzpj_web\node_modules\koa-compose\index.js:45:18)
    at C:\Work\WEB\dzpj_web\node_modules\koa-router\lib\router.js:346:16
    at dispatch (C:\Work\WEB\dzpj_web\node_modules\koa-compose\index.js:44:32)
    at C:\Work\WEB\dzpj_web\node_modules\koa-compose\index.js:36:12
    at dispatch (C:\Work\WEB\dzpj_web\node_modules\koa-router\lib\router.js:351:31)
    at dispatch (C:\Work\WEB\dzpj_web\node_modules\koa\node_modules\koa-compose\index.js:42:32)
    at dispatch (C:\Work\WEB\dzpj_web\node_modules\koa-router\lib\router.js:332:32)
    at dispatch (C:\Work\WEB\dzpj_web\node_modules\koa\node_modules\koa-compose\index.js:42:32)
    at dispatch (C:\Work\WEB\dzpj_web\node_modules\koa-router\lib\router.js:332:32)
    at dispatch (C:\Work\WEB\dzpj_web\node_modules\koa\node_modules\koa-compose\index.js:42:32)
    at dispatch (C:\Work\WEB\dzpj_web\node_modules\koa-router\lib\router.js:332:32)
    at dispatch (C:\Work\WEB\dzpj_web\node_modules\koa\node_modules\koa-compose\index.js:42:32)
    at dispatch (C:\Work\WEB\dzpj_web\node_modules\koa-router\lib\router.js:332:32)
    at dispatch (C:\Work\WEB\dzpj_web\node_modules\koa\node_modules\koa-compose\index.js:42:32)
[2020-02-19T10:38:26.063] [ERROR] error - ReferenceError: Con is not defined
    at router.get (C:\Work\WEB\dzpj_web\app\router\kpgl\skzp.js:19:16)
    at dispatch (C:\Work\WEB\dzpj_web\node_modules\koa-compose\index.js:44:32)
    at next (C:\Work\WEB\dzpj_web\node_modules\koa-compose\index.js:45:18)
    at C:\Work\WEB\dzpj_web\node_modules\koa-router\lib\router.js:346:16
    at dispatch (C:\Work\WEB\dzpj_web\node_modules\koa-compose\index.js:44:32)
    at C:\Work\WEB\dzpj_web\node_modules\koa-compose\index.js:36:12
    at dispatch (C:\Work\WEB\dzpj_web\node_modules\koa-router\lib\router.js:351:31)
    at dispatch (C:\Work\WEB\dzpj_web\node_modules\koa\node_modules\koa-compose\index.js:42:32)
    at dispatch (C:\Work\WEB\dzpj_web\node_modules\koa-router\lib\router.js:332:32)
    at dispatch (C:\Work\WEB\dzpj_web\node_modules\koa\node_modules\koa-compose\index.js:42:32)
    at dispatch (C:\Work\WEB\dzpj_web\node_modules\koa-router\lib\router.js:332:32)
    at dispatch (C:\Work\WEB\dzpj_web\node_modules\koa\node_modules\koa-compose\index.js:42:32)
    at dispatch (C:\Work\WEB\dzpj_web\node_modules\koa-router\lib\router.js:332:32)
    at dispatch (C:\Work\WEB\dzpj_web\node_modules\koa\node_modules\koa-compose\index.js:42:32)
    at dispatch (C:\Work\WEB\dzpj_web\node_modules\koa-router\lib\router.js:332:32)
    at dispatch (C:\Work\WEB\dzpj_web\node_modules\koa\node_modules\koa-compose\index.js:42:32)
[2020-02-19T10:40:31.351] [ERROR] error - TypeError: skzp_Tool is not a function
    at router.get (C:\Work\WEB\dzpj_web\app\router\kpgl\skzp.js:21:12)
    at dispatch (C:\Work\WEB\dzpj_web\node_modules\koa-compose\index.js:44:32)
    at next (C:\Work\WEB\dzpj_web\node_modules\koa-compose\index.js:45:18)
    at C:\Work\WEB\dzpj_web\node_modules\koa-router\lib\router.js:346:16
    at dispatch (C:\Work\WEB\dzpj_web\node_modules\koa-compose\index.js:44:32)
    at C:\Work\WEB\dzpj_web\node_modules\koa-compose\index.js:36:12
    at dispatch (C:\Work\WEB\dzpj_web\node_modules\koa-router\lib\router.js:351:31)
    at dispatch (C:\Work\WEB\dzpj_web\node_modules\koa\node_modules\koa-compose\index.js:42:32)
    at dispatch (C:\Work\WEB\dzpj_web\node_modules\koa-router\lib\router.js:332:32)
    at dispatch (C:\Work\WEB\dzpj_web\node_modules\koa\node_modules\koa-compose\index.js:42:32)
    at dispatch (C:\Work\WEB\dzpj_web\node_modules\koa-router\lib\router.js:332:32)
    at dispatch (C:\Work\WEB\dzpj_web\node_modules\koa\node_modules\koa-compose\index.js:42:32)
    at dispatch (C:\Work\WEB\dzpj_web\node_modules\koa-router\lib\router.js:332:32)
    at dispatch (C:\Work\WEB\dzpj_web\node_modules\koa\node_modules\koa-compose\index.js:42:32)
    at dispatch (C:\Work\WEB\dzpj_web\node_modules\koa-router\lib\router.js:332:32)
    at dispatch (C:\Work\WEB\dzpj_web\node_modules\koa\node_modules\koa-compose\index.js:42:32)
[2020-02-19T10:46:28.837] [ERROR] error - TypeError: skzp_Tool is not a function
    at router.get (C:\Work\WEB\dzpj_web\app\router\kpgl\skzp.js:21:12)
    at dispatch (C:\Work\WEB\dzpj_web\node_modules\koa-compose\index.js:44:32)
    at next (C:\Work\WEB\dzpj_web\node_modules\koa-compose\index.js:45:18)
    at C:\Work\WEB\dzpj_web\node_modules\koa-router\lib\router.js:346:16
    at dispatch (C:\Work\WEB\dzpj_web\node_modules\koa-compose\index.js:44:32)
    at C:\Work\WEB\dzpj_web\node_modules\koa-compose\index.js:36:12
    at dispatch (C:\Work\WEB\dzpj_web\node_modules\koa-router\lib\router.js:351:31)
    at dispatch (C:\Work\WEB\dzpj_web\node_modules\koa\node_modules\koa-compose\index.js:42:32)
    at dispatch (C:\Work\WEB\dzpj_web\node_modules\koa-router\lib\router.js:332:32)
    at dispatch (C:\Work\WEB\dzpj_web\node_modules\koa\node_modules\koa-compose\index.js:42:32)
    at dispatch (C:\Work\WEB\dzpj_web\node_modules\koa-router\lib\router.js:332:32)
    at dispatch (C:\Work\WEB\dzpj_web\node_modules\koa\node_modules\koa-compose\index.js:42:32)
    at dispatch (C:\Work\WEB\dzpj_web\node_modules\koa-router\lib\router.js:332:32)
    at dispatch (C:\Work\WEB\dzpj_web\node_modules\koa\node_modules\koa-compose\index.js:42:32)
    at dispatch (C:\Work\WEB\dzpj_web\node_modules\koa-router\lib\router.js:332:32)
    at dispatch (C:\Work\WEB\dzpj_web\node_modules\koa\node_modules\koa-compose\index.js:42:32)
[2020-02-19T10:46:31.059] [ERROR] error - TypeError: skzp_Tool is not a function
    at router.get (C:\Work\WEB\dzpj_web\app\router\kpgl\skzp.js:21:12)
    at dispatch (C:\Work\WEB\dzpj_web\node_modules\koa-compose\index.js:44:32)
    at next (C:\Work\WEB\dzpj_web\node_modules\koa-compose\index.js:45:18)
    at C:\Work\WEB\dzpj_web\node_modules\koa-router\lib\router.js:346:16
    at dispatch (C:\Work\WEB\dzpj_web\node_modules\koa-compose\index.js:44:32)
    at C:\Work\WEB\dzpj_web\node_modules\koa-compose\index.js:36:12
    at dispatch (C:\Work\WEB\dzpj_web\node_modules\koa-router\lib\router.js:351:31)
    at dispatch (C:\Work\WEB\dzpj_web\node_modules\koa\node_modules\koa-compose\index.js:42:32)
    at dispatch (C:\Work\WEB\dzpj_web\node_modules\koa-router\lib\router.js:332:32)
    at dispatch (C:\Work\WEB\dzpj_web\node_modules\koa\node_modules\koa-compose\index.js:42:32)
    at dispatch (C:\Work\WEB\dzpj_web\node_modules\koa-router\lib\router.js:332:32)
    at dispatch (C:\Work\WEB\dzpj_web\node_modules\koa\node_modules\koa-compose\index.js:42:32)
    at dispatch (C:\Work\WEB\dzpj_web\node_modules\koa-router\lib\router.js:332:32)
    at dispatch (C:\Work\WEB\dzpj_web\node_modules\koa\node_modules\koa-compose\index.js:42:32)
    at dispatch (C:\Work\WEB\dzpj_web\node_modules\koa-router\lib\router.js:332:32)
    at dispatch (C:\Work\WEB\dzpj_web\node_modules\koa\node_modules\koa-compose\index.js:42:32)
[2020-02-19T10:46:33.569] [ERROR] error - TypeError: skzp_Tool is not a function
    at router.get (C:\Work\WEB\dzpj_web\app\router\kpgl\skzp.js:21:12)
    at dispatch (C:\Work\WEB\dzpj_web\node_modules\koa-compose\index.js:44:32)
    at next (C:\Work\WEB\dzpj_web\node_modules\koa-compose\index.js:45:18)
    at C:\Work\WEB\dzpj_web\node_modules\koa-router\lib\router.js:346:16
    at dispatch (C:\Work\WEB\dzpj_web\node_modules\koa-compose\index.js:44:32)
    at C:\Work\WEB\dzpj_web\node_modules\koa-compose\index.js:36:12
    at dispatch (C:\Work\WEB\dzpj_web\node_modules\koa-router\lib\router.js:351:31)
    at dispatch (C:\Work\WEB\dzpj_web\node_modules\koa\node_modules\koa-compose\index.js:42:32)
    at dispatch (C:\Work\WEB\dzpj_web\node_modules\koa-router\lib\router.js:332:32)
    at dispatch (C:\Work\WEB\dzpj_web\node_modules\koa\node_modules\koa-compose\index.js:42:32)
    at dispatch (C:\Work\WEB\dzpj_web\node_modules\koa-router\lib\router.js:332:32)
    at dispatch (C:\Work\WEB\dzpj_web\node_modules\koa\node_modules\koa-compose\index.js:42:32)
    at dispatch (C:\Work\WEB\dzpj_web\node_modules\koa-router\lib\router.js:332:32)
    at dispatch (C:\Work\WEB\dzpj_web\node_modules\koa\node_modules\koa-compose\index.js:42:32)
    at dispatch (C:\Work\WEB\dzpj_web\node_modules\koa-router\lib\router.js:332:32)
    at dispatch (C:\Work\WEB\dzpj_web\node_modules\koa\node_modules\koa-compose\index.js:42:32)
